{
  "RSpec": {
    "coverage": {
      "/Users/Guest/Desktop/go_travel/spec/models/user_spec.rb": [
        null,
        null,
        null,
        null,
        null
      ],
      "/Users/Guest/Desktop/go_travel/spec/requests/authorizarion_spec.rb": [
        1,
        null,
        null,
        1,
        null,
        1,
        2,
        2,
        null,
        null,
        1,
        1,
        1,
        null,
        null,
        1,
        1,
        1,
        null,
        null
      ],
      "/Users/Guest/Desktop/go_travel/config/environment.rb": [
        null,
        1,
        null,
        null,
        1
      ],
      "/Users/Guest/Desktop/go_travel/config/application.rb": [
        1,
        null,
        1,
        null,
        1,
        1,
        1,
        1,
        1,
        1,
        1,
        1,
        null,
        null,
        null,
        null,
        null,
        1,
        null,
        1,
        1,
        null,
        1,
        1,
        null,
        null,
        null,
        null,
        null,
        null,
        null,
        null,
        null,
        1,
        null,
        null
      ],
      "/Users/Guest/Desktop/go_travel/config/boot.rb": [
        1,
        null,
        1,
        1
      ],
      "/Users/Guest/Desktop/go_travel/config/environments/test.rb": [
        1,
        null,
        null,
        null,
        null,
        null,
        null,
        1,
        null,
        null,
        null,
        null,
        1,
        null,
        null,
        1,
        1,
        null,
        null,
        null,
        null,
        1,
        1,
        null,
        null,
        1,
        null,
        null,
        1,
        null,
        null,
        1,
        null,
        1,
        null,
        null,
        null,
        null,
        1,
        null,
        null,
        1,
        null,
        null,
        null,
        null
      ],
      "/Users/Guest/Desktop/go_travel/config/initializers/application_controller_renderer.rb": [
        null,
        null,
        null,
        null,
        null,
        null,
        null,
        null
      ],
      "/Users/Guest/Desktop/go_travel/config/initializers/backtrace_silencers.rb": [
        null,
        null,
        null,
        null,
        null,
        null,
        null
      ],
      "/Users/Guest/Desktop/go_travel/config/initializers/cors.rb": [
        null,
        null,
        null,
        null,
        null,
        null,
        null,
        null,
        null,
        null,
        null,
        null,
        null,
        null,
        null,
        null
      ],
      "/Users/Guest/Desktop/go_travel/config/initializers/filter_parameter_logging.rb": [
        null,
        null,
        null,
        1
      ],
      "/Users/Guest/Desktop/go_travel/config/initializers/inflections.rb": [
        null,
        null,
        null,
        null,
        null,
        null,
        null,
        null,
        null,
        null,
        null,
        null,
        null,
        null,
        null,
        null
      ],
      "/Users/Guest/Desktop/go_travel/config/initializers/mime_types.rb": [
        null,
        null,
        null,
        null
      ],
      "/Users/Guest/Desktop/go_travel/config/initializers/wrap_parameters.rb": [
        null,
        null,
        null,
        null,
        null,
        null,
        1,
        2,
        null,
        null,
        null,
        null,
        null,
        null
      ],
      "/Users/Guest/Desktop/go_travel/app/channels/application_cable/channel.rb": [
        1,
        1,
        null,
        null
      ],
      "/Users/Guest/Desktop/go_travel/app/channels/application_cable/connection.rb": [
        1,
        1,
        null,
        null
      ],
      "/Users/Guest/Desktop/go_travel/app/commands/authenticate_user.rb": [
        1,
        1,
        null,
        1,
        18,
        18,
        null,
        null,
        1,
        18,
        null,
        null,
        1,
        null,
        1,
        null,
        1,
        35,
        35,
        null,
        1,
        null,
        null,
        null
      ],
      "/Users/Guest/Desktop/go_travel/app/commands/authorize_api_request.rb": [
        1,
        1,
        null,
        1,
        66,
        null,
        null,
        1,
        66,
        null,
        null,
        1,
        null,
        1,
        null,
        1,
        66,
        66,
        null,
        null,
        1,
        131,
        null,
        null,
        1,
        66,
        65,
        null,
        1,
        null,
        null,
        null,
        null
      ],
      "/Users/Guest/Desktop/go_travel/app/controllers/application_controller.rb": [
        1,
        1,
        1,
        null,
        1,
        null,
        1,
        66,
        66,
        null,
        null
      ],
      "/Users/Guest/Desktop/go_travel/app/controllers/authentication_controller.rb": [
        1,
        1,
        null,
        1,
        18,
        18,
        17,
        null,
        1,
        null,
        null,
        null
      ],
      "/Users/Guest/Desktop/go_travel/app/controllers/destinations_controller.rb": [
        1,
        1,
        null,
        null,
        1,
        3,
        3,
        null,
        null,
        null,
        1,
        3,
        null,
        null,
        null,
        1,
        27,
        null,
        27,
        26,
        null,
        1,
        null,
        null,
        null,
        null,
        1,
        2,
        1,
        null,
        1,
        null,
        null,
        null,
        null,
        1,
        2,
        null,
        null,
        1,
        null,
        1,
        7,
        null,
        null,
        null,
        1,
        29,
        null,
        null
      ],
      "/Users/Guest/Desktop/go_travel/app/controllers/reviews_controller.rb": [
        1,
        1,
        null,
        null,
        1,
        5,
        null,
        5,
        null,
        null,
        null,
        1,
        1,
        null,
        null,
        null,
        1,
        19,
        19,
        18,
        null,
        1,
        null,
        null,
        null,
        null,
        1,
        2,
        1,
        null,
        1,
        null,
        null,
        null,
        null,
        1,
        1,
        null,
        null,
        1,
        null,
        1,
        4,
        null,
        null,
        null,
        1,
        21,
        null,
        null
      ],
      "/Users/Guest/Desktop/go_travel/app/jobs/application_job.rb": [
        1,
        null
      ],
      "/Users/Guest/Desktop/go_travel/app/mailers/application_mailer.rb": [
        1,
        1,
        1,
        null
      ],
      "/Users/Guest/Desktop/go_travel/app/models/application_record.rb": [
        1,
        1,
        null
      ],
      "/Users/Guest/Desktop/go_travel/app/models/destination.rb": [
        1,
        1,
        1,
        null
      ],
      "/Users/Guest/Desktop/go_travel/app/models/review.rb": [
        1,
        1,
        null
      ],
      "/Users/Guest/Desktop/go_travel/app/models/user.rb": [
        1,
        1,
        null
      ],
      "/Users/Guest/Desktop/go_travel/lib/json_web_token.rb": [
        1,
        1,
        1,
        17,
        17,
        null,
        null,
        1,
        66,
        65,
        null,
        1,
        null,
        null,
        null
      ],
      "/Users/Guest/Desktop/go_travel/config/routes.rb": [
        1,
        1,
        1,
        null,
        1,
        null,
        null
      ],
      "/Users/Guest/Desktop/go_travel/spec/requests/destination_route_spec.rb": [
        1,
        null,
        null,
        1,
        null,
        1,
        8,
        8,
        8,
        8,
        8,
        8,
        8,
        8,
        8,
        8,
        8,
        8,
        8,
        null,
        null,
        1,
        1,
        1,
        null,
        null,
        1,
        1,
        1,
        null,
        null,
        1,
        1,
        1,
        null,
        null,
        1,
        1,
        1,
        null,
        null,
        1,
        1,
        1,
        1,
        1,
        null,
        null,
        1,
        1,
        1,
        1,
        null,
        null,
        1,
        1,
        1,
        null,
        null,
        1,
        1,
        1,
        null,
        null,
        null
      ],
      "/Users/Guest/Desktop/go_travel/spec/requests/review_route_spec.rb": [
        1,
        null,
        null,
        1,
        null,
        1,
        9,
        9,
        9,
        9,
        9,
        9,
        9,
        9,
        9,
        9,
        9,
        null,
        null,
        1,
        1,
        1,
        null,
        null,
        1,
        1,
        1,
        null,
        null,
        1,
        1,
        1,
        null,
        null,
        1,
        1,
        1,
        null,
        null,
        1,
        1,
        1,
        1,
        null,
        null,
        1,
        1,
        1,
        1,
        null,
        null,
        1,
        1,
        1,
        1,
        null,
        null,
        1,
        1,
        1,
        null,
        null,
        1,
        1,
        1,
        null,
        null,
        null
      ]
    },
    "timestamp": 1580317214
  }
}
